<?xml version="1.0" encoding="UTF-8"?>
<!-- Generated by org.testng.reporters.JUnitReportReporter -->
<testsuite hostname="LAPTOP-3S4TPUJ4" failures="0" tests="3" name="FlightreservationTest" time="10.707" errors="0" timestamp="2025-02-08T15:19:19 UTC" skipped="0">
  <testcase classname="FlightreservationTest" name="registrationConfirmationTest" time="0.883"/>
  <testcase classname="FlightreservationTest" name="userRegistrationTest" time="7.990"/>
  <testcase classname="FlightreservationTest" name="flightsSearchTest" time="1.834"/>
</testsuite> <!-- FlightreservationTest -->
